5963198132540214135643655191416721055626225268566416575304559779178102261087484803586781454166174227331213010717842566524436971658238298775211733413461255290118135713595552775465778509768228030845396592517304392680988165634516708317350776606547039644390535607561818566950293548002894309019169724411537569078113270621231731118649279667465926352288144923014308788072776918314300274613063124157476479326252897231776937914150642129869163759283210237210500786207438
3059642254271648165875520732981665085965133984055184037518344816214602062874572568803981157303996865585190453691852933693350994168592809109979782525994495458669583999677779309164681952033064465003051151631459244665907370400
187853900807202676740192672025348871349856185653240262596327531004012501312010443637348787227339124806303345169557308578159945792486375022598230261711562148494000836908617147326095998912003917660696830470753062620557028
588426619106567669097238199681238613448194484958151182529242935724725433203459589246232765725787252742645893167026149550266468557947705790143890584542810037523690268854485246350153712729072061677562803789753718322610416322450307279404365585343338680516931326
98013973239078476888609408459052449727541236004168810887521058156258065263869000862564294640053125223639961258365230832115691047582255233985255691375663818442134159341401102578792401214123636984526247371675112031387083916926879942505261388432795134563563026456733130494599118970866030552224050232898372312232850824134644923219720330372965134442800457920498850680366312430035600558839704563029164136482436363137380223602364817951506910
3064494000250028304954457809058277217390910866476563616694797236594740160023266381734187333838059998230994234257726806351286906754238580473734830581905325679764328358264185400695970692069817609374207002575455570427402704366151960890047504380018885140739072243512408227
2334314334435890969907854250113859481989197315402036009368476595336042860250265993634161649
25413470409933597441489363437577608222830145294247507840633340347834479287288710339894042562192834938391619215830681301460840299077006756166595639630663603159860489866249742927560650510296631519301642249108259967435
6509494414931177967502655856846028406753587880325351717502842400502135412139836731267670846702034707080982289776001039947571287117879123892393142963956839553587686563542291373474246049755206717045571889830174596002617131040882093595894149486867071152296051362122786139764475285582116807831741623889390419807339754118658080744509141425141986000292891391925453864050104513222582826762546394430791532816892127942085871679025991427075932922888
7565062873953069548434723772712415304483521661937034554970009728053251881606393544066900226911183950271317372182860275930800207589422936721930706796434011767494767970582123144149414241661898849223989980913886186842138695
505387062809294145815882431832566011458559329924904698603018745732940249245741178
7413825907992867
5827838889136635750374763261609589072201626235777368546790488392355298167855910807641075699676586938823055745175630291135632427362983830577103714007339501926157095208546315219803026446302233361734768463906914031768810428015133042605567689873078786209419178211731753156225692147132194766901646827543542037885253979964041919320370032293865275238370812720600896856767029642
921358772088941046791412631280459859590759028041210693918896038150246011372484667429699427720105247222727690788492968665097775802587868960452557185289889312555259781446267405271510092976469031981950731003259518376954485981846213343332597789071971415813264138868956667013662654558354383504722407121628892305048352187079967902336793429022526206065942470699023571609788697658198598086790209432473344260531706296945676668383628054696427114031096487571241194181031937680023977139996061198322472749647890
567967958555992781910314620710786501837184650183492817424366623182917827617785579845159886800526686955548158775437860020853049227168644012626858633871618668182531570471032231603461145221748526600728768577195096098466005016639866503548602246084165502
28322314454117905020439052022356029409884912081118102940554351516856109451993095235056989701546734195977010392683644529671340641537646238170679073476112521544893608597855815498624442807543312189440576895
480080632335855393430025974093314401747231564278711712752806628932167964506647488146147870288337111518195998068445652648841758565502661187140883498742156768539902789949307691629545161728290352882438224201299527487923235588081213289049147001352274372209788026425079400040451788448008293286053989454990667260796097890378136028062459508499813
7740557427180907258222204992378087976373472937176533126679658138575090629889230220304977982270099782443735887029180500541079583809814414695807357556621066363572978491091617475392245688092855714577658983587839152102030013397313855793404954002835864959621103290892907517948002328201654450167808282393785097848576749102354934733946678150338906786597942
14074961504755017651549050071682073735683981521455461232267694871089401727410404174551726445719875308242465369506711204989583563049311440180296436398577392058573888254832490499146936529525855798638084837483413865095039464886188403467988616672211362993791808615281285869205454856710044546755755847024974351153749560922763476498554456746022022608456866769881987083815203391954111803533613081996691698360009477288474209478
79785884007249904438584386579766007876308609635201880779814666442416432905359688369933522735168532584149065901454071183189350054856728123246353149486705859541781729979205946242363071148388078739962658390386097209420336972546436817729112676821353336724297111921452005205532318341322931599842391578718218063295849877928423112287890732782048221919108274093698259604062058581527286270077
7370087820287810862318841061882420128203871072485306734853057744312004677312947924459275057421
5954209053838750521997420058638562875000825936719607661062218365258240968717912184911560200864130447373203055799009459881111
80067830169622336972863562149518702025552701496663134015414908237915166358745957708455048865162501615570509058073717103702874285995767881097425218236467787696789763052511370608945174441831731248714396586079813324269891228638221261889995334267376995347580156819157377957463261010872232441764188968820868342912011262481384727948796406760902998991
183189532383822160077044569788833694628729978812471088117455193976952182974464769487528797056819947798788710739362055996874644033324790105204293755089490
2441295104
441097733576959321969
901267293594894927063301066819040778812135641796362945478535260440544485716391937455193169804491619895995915710563547197048896153290998567956712220195847188657552762752012032835307605549961855205877540544892433551804029606794884336600487196037124621186904798978349732318133988517136362269882517058422976776199545
5885907791699081480826126116683554739421106722133229804655856094082038766933292133848084814648170689057740297757151797894004786842401685581649109270255972742188108545077539240209946982821772308957702389808361012552113453833133545221821556095357164700358776700580841442853354605331709462047939236287253620563690053075935381087337588472394334542634184949555459347703617133562799888400443157515016701660622195643064938654894539368748769124317349309425339045220649193032886
444156650032613277523808911343022241043826487174773175762386211701178121048433007258841004750312488485407218514028783246965588604939098287726274150762210678953128049630061853460542050667806032653473017019195402133056190058310328955798332296638899209283926988251224414857719262715140394571163902204067060752226027641658830547381429649997455273401251340389337420
6361043324689790285231750006724936934063476680221770094284975017035187860604329438036218388928117453267972242540039586852219999871022707845344372380266072970551113299747491663301285484075
12396815532597202740118424468669772972889618761836443542724944612121996362107479643602468084821360291990485643101291592814585141635560143063851418492483009251761713090489277612779530919693409210556214663758543521229748822747371755096971573020190228279554951898660403458145416507373888078472291110497648207769100402882766989928192549325195924131068597569506099633790704077093803854226618517421457149508543194831922585535119871762851882534700806982343790175756394
7341265097562487112368101850900810409630845348809203538957719711819209345954703106448741421239562236886590240563975090334330355934421996665033749045693290077369505538631891429
6831812013384140726026349140960216807036408978846048331286404689436189511972494918292197059693034945611009905460111398478369900106679930183139723493939640654069828
2054481749634901982127003771426625085644069729956411088159790826919204569146083050957598731419561992000729048429401
139396071123888069880269941659509357940882711041740202606556897579743511426873
89539665463897219957680819537214161900974506225442739914810381123200921408137315633949505032648261066463202949980519157853793037465813878670964838750005112608006297995653526484347136497089859120212311275011834208990028635115719949420407377647312540285493731858876724265104882435585500123238437520080739828081200407840831
90880668832593099027985414855101130698037553129374468925979711055556976268593459164409471561797255142266107860
71785036398996213098023579827028988147807198219887957142198817073688389037301047767814196424431611685270114729115822781948145675457450736166521418219450193225
361601182722477783499190084606042339440313694223776848936580628635000295204461210010316203771641807995886805960674743459069558169126284225657748918796593612420430886003071038312164455895680847848355863256289185163511840014347829074540810785054008569252535162177978364197199537605787178640409890436290771501889212928957142937828089277566669049737992997890085425719693459645529300226964337265006176630936450
177865245763907611458053265531037164857589126976465086333252710243756762044433861668524705601470247332940519299426232836885692707766566071790188211428264942570472926809248201711421852544616931277877469595217300126790280465068180083738669341031482401586019435034164309371816931304
40237124106872777320781097225162193938016924632891810319099290869714208901798271285576645101686333224606759080074403229923735594924607178152778790514845613041800793730114126238798663758321482766657425827521159735922360844390712583165014633812048742014949525223896822811064635832318860630866425452773914342561846501803724240083723731162131030380441202386263449969313430805585526343016683371348324996409357526223457
368888267836634633666499845497220263850874322393517582138
974316435099687162396555346451931987805209183572364038856414748427908010634942617015034554232769240116764327556025084144463144200976158730834005084373552393988809744566373018780269292687909673130339968049184852598697464971479977071151205957691594319336564701331231210979346152674451787131714314741162326036459010696220290621407786421076843377928337163419155354724150707854782260359134282698108780187088397978349411236257934409351279721828201522669026858624365291609819339820428
8635758679618801864871851950919072340798962961203708995071796320908883581723175745164824982483129487907086744526783488227258828144916625978265170478952799646855644706470108957568160357120269644484221649152977671606248080422966555853384265248171941734954
47818181326603910036690686283463749852527452928345825369163243520432334350927526840702144562505239292517474877299906150696723622180052013231777689664507818843906912672533093625959976184840113724520292254994351673674338120907382004607652643014139705742296460348190288516019301321700621993513316067508
1124522088975619889906676543946442302056062827924393464666685420731562126440203207970119396650413505120294527461564700566765387587885235957845200783702778719154580934593073287398439263599055
2968442567022150735828376791988059809126273433102198181891371529200590698330979000646214212289762498551068976701986628589024175662082660833512512100107450012555413330703952798087286915139495386515893123716442473522697707030785017
134799652698874360543453802213380961472311557921480385840977593588637197854530657358447331547945401433898250516641758398663519815584503993005763286920559834376171374612459157532422244500574399531230351498266555035654425709672978799924555058662007279356671430844742355355592178452017276284301431095113391887709179668204024914795212520293467544548854019289219594246202182051548242626467852495746489080384815248431556976168379262
69594069593743159401109036950874188997171845884866805158314924496431734494068017829426531705525729973052893290695027259637821990356054126408092937606957240130713983926653154004312376338319390133256715065670384082724675763577117138107128904352472437684784802347915308451137475971661103641434086845370584239625599551195636858048939803
20623240521747210244477634
3354095354702171903049796162674676732842294197156871637892865353364842789108081391553398410318267047881976866695925859508084421483234845467124694262830740240491517928229726479518334963011
850953772189526656167267840310256739141457441385009732075108693652609366991001754840181151368801
37948549374526279301623792617897053288399804866060272045683947764707081701714108643417265500819291810501793493589969183254696744604126287796847653510246726758522021753120198422592358754659451050131676991291819221806614008738388450746797935907791002486366175195142892168192275744540456965700123188887370599161219329512524871965940990408545800968507986265112918125288399974755804035015506259151646695044717818421056243324262653374459137989556749
9580170404119481426833730100062877595015385340126618961273126554291512043119592432387166426074261268142585974189761722198182525921933636641577056924381656022254084284237581340079067023018319604485004446975074764668830627195612362107291041823647768103262664303157864710861294997988161992274899125458064404042472882336057633681181459214773689795049454934398797125394202156806725429855714300579973453965125635906901858069783548459662830504782767122456941
30470060992469856899212992169185166671165453202288412480891167729801358174255195576258895813405379554
257672511763493760616666608291552189034719697159865119409035016568402358827995834009
65017772251123860794014359545078735929761685042511476128552760682842
51209394109061058882474980255671503153490114332677242320134089006003201725805785325235283833125665231435607445373449761706365310939944529408873758788319466289676005149981422935797978504951896683221781709031039047307312174269519774246609011445034783555660002398457450426190068213100258315501070949182069750749119049467490418564642940464685325191312349997671535529714324892471844748826574744067323692914016215
35277815397822142622145655112775630198411979204459661075305382413157047857065048443540038487628183434139010184328808284470711891003167208086373894174197346560320145375811384
9525118571507484974958701848142527037018409750822434107797739296182609321001144592714178696190264022443299799935448384440337419071972368116145782614070491465342355828765912345220862645139547539387466001812435873276566453871540631476238091721627320181975276988740924336054068719497965055228361101027414145984489544268780410154125056896776116674671699442255536791561416491736219424569946236246540389893930706751736538430053866945880485181209195500513510883955721832698353954649
7529509799178541170598419571131366298981059521762756446068983618883455150887733562301077173430724068641710822794241693281103859216542977692643447955668652481515972789812843921152468584371576575418298972555186969665678690647998892562869616791127458778436272255586108196557621748522321494276474474963165535423763954992071026561608555552225544481843988983032334155611640900902658656699215326486331141633990246174441657747852536013477
6526893480413168558486719865909016854619423304705169784380854259867648628496890964262577887935892668112806762756995501976712667416751933433920607092327987065449992973675285269652079592035525863110291668968803315752122752902489
839047352888058333444267255724254083660077692754536888860015035843438576917809689098028944256880670115219835995317267070952440394237984290418460898419242552581187358368799124838626688498650625619243704429785968857446284545763397627591727324240020101879397243081912680911840719812557933613993983645657191566964503603421241552409622804753962955
800564772158648048317285321926442061962333529636989168696551593421338281574101020732677343167959851175319921605793308213189138148899079772931167385419267726354874396938923036929266216561074104321404360034594988172240313194236190855022226771948411731567556533915421951236242426792075360466991606656541406700747245138019840092438880722701037398682835031728967380944113793671992440790228258497616689710444318293553244449471554602263181570356817507355107569
4407582465237934010223857539228609596283456300160339590185109172458213763726151098822202690220808599553152004
5398325839507050814061830205712590345427806893234113406917557265343777333457552965536526769066604411697457851121964582395627571141903795377279733173392029438399120480166118552578963475459733374112643969854212475983821642569771498603217802198542638847628299499122728864705403322208720610873207477132139868681382934905197296297991822227618715826607652224920480058612138089651829530859628
557391682255933447250609428728921577019277135409028516278700492961700901373220382690579097448941427810560043754228686318315008313699292459488378370
1234204898882209864397984779628997439975707057223158270147995712181233140089215579903633191423277538487529431087623324443969227662294105088144524211613541826891447357026668399549865169540154598189714928577316467903595606475910581336965636884755394154854933337357245003754476772894104439139759417158316770453460777812725165570589523594948492500483010125977452008679163170266550846709758333918133066638629924161479782371235829353757184660931421739905835902592085038
34256022588560492151081919052322491591582077422761155610155987947889556918862059346351908911168224583660451835424439544988193858430709604505848797758532390621397301941906748315920924507768150677251864967315483016862702258585078048334988080389436706003565708088273321167704407683950459169414508750689772758124150886717961336071298551167325839176435217041359999681
98124530651967168272997830982152278813258818285588144136988671934032652531669610902477256260482712206100502182712295026947278097021788642907477116010473461499786076328383417243803520293734578575793824486828950513598076253471299872766749126756147532445987582619339590306750149351137720952213805001394704448886968463148957098062867964739913081155302290712923965046264066052444
13405628749789945936749680565874028270399837607433495430448142356651877594777670498846671001014295240480833773634114179439394477915574843312852080446970092116599842125081707994953219884019345542697746635394030066944520865187739874811948344660765951427535204689419898985229131658400898654093940261378876779045304661283163346687873372930612190971009330940754360749516522404281861873745140114461073243458493623963896258853247742996065595114747840068632049921198985715041508568368865563547801986274500
540234989837705005155304241797904155195797467868730034263509886396936092261703664890509389286
9692771984823782462667299234440752650486081102138193420466764143981435107988645834832663522855905885493664151481925091967701967772385654921635070876172989115083155952102385307057908550076764217720775509279968933316272037677912703758103916703911641616572339503666825276390837278262991473186526175666479435356817528627183424534440168548998568471472342667930475719700819050695540440158635561
291096833553506848086690521578095794703229234714059439693604910423393141040143582861977048601608157671859124624854077476148606993016
4015780493736285442724478134196771354353449872907577897587705745556310239093944874262341324394103844419391498912728246944740121876524048874945886370072462310469224249832986051674735780908891049588932779965516180447313842601337781373672429347249023410073063780945331434910216571913279688557317923502607972942959548970329947857363677043662102603
96697027374148573282903809775393898249544669021296818154309119512296393027109199918
8367591586519463912634924600302469411041011630834169463543146404095895151621019785017553502384760057287462731314494957292045961703794063078675182753815365986583881720801664479332775160220494550475438426632265657128100915615201318574
667808091047094404651751741699846198833222061922104494143723986935369464039884873519454024126871660774879137013174006156757810120425098509975733855354700220834207261248837640249154482192192388121792754771153064362180552296081513024026232457620580974510037108479645607049610082790807313252099294346700503401877
235354245022544939840095339665999974502561784115597143281172905024336853113931553916111803653632068383129347669884588071102146027390137408947008576819077066281538843374440009337729302357765195445447675753330559243019441961059612407634068801311594257591131411040856363234041548616928983329989093991981087014198475312807292203087216240999001667658286950258392029474388858886711346773511
24320319100615691344468701328558544025729764297004170576237111010325420486762050766880317817777573995682555046241251281960059762107251101408266396974121546712207361728141749104772330042218151688222856497477137768342167783350018505133287527838758508367970477169085941960661768095941207256209859479308006630641002257597056702905383262791004824483432630525892500295979677480696140436922232862659041985103716674494234317936860880983984219928157
5570277345813974414540833045642036015458281308122243724783747324655370347466054180345972330169777865790071176482739860342022918405470730759886091262495011950145742367018339341220273343330592721801036776362396249803768523121496130835213306544377778814812007489017600006057295334662901979477719261272734679917552788383723259976736381574356551588907030807858067465781957885528812714309731484166741127072412208977570399125015902324755080767780117389682045069771134758878
672847664545999607837412725208789165346378442992492747444759153472711084854673635997434809489671815731370
492075380818281329647495768646047401865084764922597095096292576043933795528500765704479516423267199829491986878366895007558894057747612389968581
62860601242391462048030684377765070605601020211706942771384637247496711502747731068794383100139093014698350274788472692670185413354435471769383294569123681886553904798256176257856643826882061223932678134696006505816496903912202562098041684338700169375769267428337391692481609240099984503
114363343292915657249578592215153103339945821
810142311097214454718422093473665365036812608922129408827416513781126114811659585395439598936050403810477353741250535835650432538256891843940448402249304828493914613319277484958576046977375791426599652914128117671092455088560711633977929152954911416457624784661624478690330499347716449974179659469990573617755179926672608937979637634485378032566793308295879420957275664295866790
507242642952664004620743314438748238435108981305058378241366667841176475530887128111708299
74
744605257487876386946231262704786002734318357970254499748407
94818064137220212836481514345657601678966653379732710251621413348767354064819589335873243404993189502510973158869623902837574380115070083413019558650365470228216088383162461466241491869393271579907319416123936918649165979401614648329861352446249215101999474637137412180485271472173054870392077371067725219017108101771706609533746473011806693151596765167739468427446351991220812319460460809292071700378375417936619285947638157349642481391696995381683628094343436329
3952071598595493731502210291913278118742642921692923817846427568632017852659574252375583881182207458096904702880358207948417705264507460642297810343811
9601301617078481135640144139800566847291057190528945336289511219141988524809257708227745033515948446407357202206076489850190117418973121830526489024655548990104481455103924660667389688040975828864910378864620689108925703552888034857286477383507983074370544052862257184528581614362529171632261086046976187990635335893465417124383750223273344909829188220328170221621556331456589774399350409846134176236627904898759065909755128202344760
4776262801926355946657438839323908531129911247071486018536278188750332119273670555481653989040823196367423931691186990541623860212570983916420584367067027696759239438326785226804316001561775137847931602909414034734894766017963304855681879026403038123292907993408200182520405513169775545477559498263517331718902516740880815955909749618835252355748482295329245718956251833994036869078335578422519943119403408404488835484081130366863819517648049937413110
6787023542247447647900421463243858249319760409301857050097942910809445477931801188743703280244976408362202954399592645175131080321951154280843066095956394146666170493456601930190958297067258144934617560227149229146936909699972543058652840069289368875373
2769084460728682799404954503293850190901871706177006358954302325894110577184525113119645678476023665346118269878839336122048707469847451122347106042136064867126440227931761684751988622509807359760088673685554401368957994964227447341633823886966191178688597188113445785925601317893497169242698375317826241166899835390724492958480133298153950073097801908961320892193678761986131137296391083966550664810238361975
400104034115613350964231703641540857449093050041307051939141026841151015290362417281722833327313841029362947820367046843529586751951495755577874100842171309730692037656110095882435328457011070744236835114290084440146358907758657941913376618470646610293780951674168895933086456600
61189082896429836500278526586279608607563355351585239164438416826644101559146823185732294275172349778775308911229229802553621204847254626569265787023915526660516471962658652776947836734160353091134151287170218511549362403640298131108564485262226902382522998389814615122532370729101750327943342709521541374523731911666574919931543995
55749751866697772251339814151533042497408721830083601897739224080584008817182561276709707442636760221674038963622931695061651445519205555495651213233953267101142919815858898878019587288264111721428772139838237377610019808786793865606206481266793447553352479604997841819051235179697040163175546799942024966849145190220629227344101409962518398176200868
352037646540867751017627627312004821451585476682484648774593408434562294008504640251788684149624360962646319095351876733318386613736194276465059902635195941255991713675472790947614945920547527957966662038667472335643302152990880162062300409816727018673152245296555398144003631945594390
471462671652199535584872856113560720683716077556967645496272343305980020132776225200357721227151156296646815835315557532929292637040884424169510277640961412682812561963301115478305658896389808701525263575655615842869948279692230728177494768857356850131639140998162091639395425640242824160453657298665198034016585840678916080059449
